2025-11-10 18:06:05,001 [INFO] Activator:176 - 


2025-11-10 18:06:05,001 [INFO] Activator:177 - !SESSION log4j initialized
2025-11-10 18:06:07,676 [INFO] LogOutputStream:77 - [STDOUT_REDIRECT] 
2025-11-10 18:06:09,742 [INFO] ApplicationProperties:184 - Using Application install path: C:\ST\STM32CubeIDE_1.19.0\STM32CubeIDE\plugins\com.st.stm32cube.common.mx_6.15.0.202507011659
2025-11-10 18:06:09,757 [INFO] DbMcusXml:78 - Set database path to: C:\ST\STM32CubeIDE_1.19.0\STM32CubeIDE\plugins\com.st.stm32cube.common.mx_6.15.0.202507011659\\db\/mcu/
2025-11-10 18:06:09,757 [INFO] ApiDb:274 - Set plugin database path to: C:\ST\STM32CubeIDE_1.19.0\STM32CubeIDE\plugins\com.st.stm32cube.common.mx_6.15.0.202507011659\\db\/plugins/boardmanager/
2025-11-10 18:06:09,758 [WARN] ApiDb:259 - Overriding images path with different value:  => C:\ST\STM32CubeIDE_1.19.0\STM32CubeIDE\plugins\com.st.stm32cube.common.mx_6.15.0.202507011659\\db\/plugins/mcufinder/images/
2025-11-10 18:06:09,762 [INFO] ApiDb:250 - Set database path to: C:\Users\micha\.stmcufinder\plugins\mcufinder//mcu/
2025-11-10 18:06:09,763 [INFO] DbMcusAds:125 - Set database path to: C:\Users\micha\.stmcufinder\plugins\mcufinder//mcu/
2025-11-10 18:06:09,768 [INFO] CrossReferenceDbSqlite:203 - Set database path to: C:\Users\micha\.stmcufinder\plugins\mcufinder//mcu/cs/
2025-11-10 18:06:09,886 [INFO] RulesReader:64 - Compatibility file has been processed (317 Rules)
2025-11-10 18:06:09,992 [INFO] DbMcusXml:78 - Set database path to: C:\ST\STM32CubeIDE_1.19.0\STM32CubeIDE\plugins\com.st.stm32cube.common.mx_6.15.0.202507011659\\db\/mcu/
2025-11-10 18:06:09,992 [INFO] ApiDb:274 - Set plugin database path to: C:\ST\STM32CubeIDE_1.19.0\STM32CubeIDE\plugins\com.st.stm32cube.common.mx_6.15.0.202507011659\\db\/plugins/boardmanager/
2025-11-10 18:06:09,992 [INFO] ApiDb:261 - Set plugin images path to: C:\ST\STM32CubeIDE_1.19.0\STM32CubeIDE\plugins\com.st.stm32cube.common.mx_6.15.0.202507011659\\db\/plugins/mcufinder/images/
2025-11-10 18:06:09,992 [WARN] DbFile:41 - Overriding database path with different value: C:\Users\micha\.stmcufinder\plugins\mcufinder/ => C:\Users\micha\.stmcufinder\plugins\mcufinder
2025-11-10 18:06:09,992 [INFO] ApiDb:250 - Set database path to: C:\Users\micha\.stmcufinder\plugins\mcufinder//mcu/
2025-11-10 18:06:09,992 [WARN] DbFile:41 - Overriding database path with different value: C:\Users\micha\.stmcufinder\plugins\mcufinder/ => C:\Users\micha\.stmcufinder\plugins\mcufinder
2025-11-10 18:06:09,992 [INFO] DbMcusAds:125 - Set database path to: C:\Users\micha\.stmcufinder\plugins\mcufinder//mcu/
2025-11-10 18:06:09,992 [WARN] DbFile:41 - Overriding database path with different value: C:\Users\micha\.stmcufinder\plugins\mcufinder/ => C:\Users\micha\.stmcufinder\plugins\mcufinder
2025-11-10 18:06:09,992 [WARN] DbFile:41 - Overriding database path with different value: C:\Users\micha\.stmcufinder\plugins\mcufinder/ => C:\Users\micha\.stmcufinder\plugins\mcufinder
2025-11-10 18:06:09,993 [INFO] CrossReferenceDbSqlite:203 - Set database path to: C:\Users\micha\.stmcufinder\plugins\mcufinder//mcu/cs/
2025-11-10 18:06:10,065 [INFO] MainPanel:274 - HeapMemory: 268435456
2025-11-10 18:06:10,142 [INFO] DbMcusXml:78 - Set database path to: C:\ST\STM32CubeIDE_1.19.0\STM32CubeIDE\plugins\com.st.stm32cube.common.mx_6.15.0.202507011659\\db\/mcu/
2025-11-10 18:06:10,143 [INFO] ApiDb:274 - Set plugin database path to: C:\ST\STM32CubeIDE_1.19.0\STM32CubeIDE\plugins\com.st.stm32cube.common.mx_6.15.0.202507011659\\db\/plugins/boardmanager/
2025-11-10 18:06:10,143 [INFO] ApiDb:261 - Set plugin images path to: C:\ST\STM32CubeIDE_1.19.0\STM32CubeIDE\plugins\com.st.stm32cube.common.mx_6.15.0.202507011659\\db\/plugins/mcufinder/images/
2025-11-10 18:06:10,143 [WARN] DbFile:41 - Overriding database path with different value: C:\Users\micha\.stmcufinder\plugins\mcufinder/ => C:\Users\micha\.stmcufinder\plugins\mcufinder
2025-11-10 18:06:10,143 [INFO] ApiDb:250 - Set database path to: C:\Users\micha\.stmcufinder\plugins\mcufinder//mcu/
2025-11-10 18:06:10,143 [WARN] DbFile:41 - Overriding database path with different value: C:\Users\micha\.stmcufinder\plugins\mcufinder/ => C:\Users\micha\.stmcufinder\plugins\mcufinder
2025-11-10 18:06:10,143 [INFO] DbMcusAds:125 - Set database path to: C:\Users\micha\.stmcufinder\plugins\mcufinder//mcu/
2025-11-10 18:06:10,143 [WARN] DbFile:41 - Overriding database path with different value: C:\Users\micha\.stmcufinder\plugins\mcufinder/ => C:\Users\micha\.stmcufinder\plugins\mcufinder
2025-11-10 18:06:10,143 [WARN] DbFile:41 - Overriding database path with different value: C:\Users\micha\.stmcufinder\plugins\mcufinder/ => C:\Users\micha\.stmcufinder\plugins\mcufinder
2025-11-10 18:06:10,143 [INFO] CrossReferenceDbSqlite:203 - Set database path to: C:\Users\micha\.stmcufinder\plugins\mcufinder//mcu/cs/
2025-11-10 18:06:10,163 [INFO] ApplicationProperties:184 - Using Application install path: C:\ST\STM32CubeIDE_1.19.0\STM32CubeIDE\plugins\com.st.stm32cube.common.mx_6.15.0.202507011659
2025-11-10 18:06:10,164 [INFO] PluginManage:196 - Search for loadable plugins [exclusion list=, ]
2025-11-10 18:06:10,165 [INFO] PluginManage:310 - Check plugin analytics
2025-11-10 18:06:10,319 [INFO] AnalyticsPlugin:253 - Accepted Software Licenses: 
2025-11-10 18:06:10,320 [INFO] AnalyticsPlugin:255 - Accepted CMSIS Pack Licenses: 
2025-11-10 18:06:10,320 [INFO] AnalyticsPlugin:257 - Accepted Firmware Licenses: FW.L4.1.18.0
2025-11-10 18:06:10,322 [INFO] PluginManage:359 - Loaded plugin analytics (category:tool,tabindex:-1)
2025-11-10 18:06:10,324 [INFO] PluginManage:310 - Check plugin cadmodel
2025-11-10 18:06:10,326 [INFO] CADModel:105 - Init CAD model plugin
2025-11-10 18:06:10,327 [INFO] PluginManage:359 - Loaded plugin cadmodel (category:power,tabindex:5)
2025-11-10 18:06:10,327 [INFO] PluginManage:310 - Check plugin clock
2025-11-10 18:06:10,334 [INFO] PluginManage:359 - Loaded plugin clock (category:base,tabindex:2)
2025-11-10 18:06:10,335 [INFO] PluginManage:310 - Check plugin ddr
2025-11-10 18:06:10,336 [INFO] PluginManage:359 - Loaded plugin ddr (category:tool,tabindex:6)
2025-11-10 18:06:10,336 [INFO] PluginManage:310 - Check plugin filemanager
2025-11-10 18:06:10,488 [INFO] PluginManage:359 - Loaded plugin filemanager (category:base,tabindex:10)
2025-11-10 18:06:10,489 [INFO] PluginManage:310 - Check plugin ipmanager
2025-11-10 18:06:10,496 [INFO] PluginManage:359 - Loaded plugin ipmanager (category:base,tabindex:5)
2025-11-10 18:06:10,496 [INFO] PluginManage:310 - Check plugin lpbam
2025-11-10 18:06:10,503 [INFO] PluginManage:359 - Loaded plugin lpbam (category:base,tabindex:0)
2025-11-10 18:06:10,503 [INFO] PluginManage:310 - Check plugin memorymap
2025-11-10 18:06:10,513 [INFO] PluginManage:359 - Loaded plugin memorymap (category:base,tabindex:4)
2025-11-10 18:06:10,513 [INFO] PluginManage:310 - Check plugin pinoutandconfiguration
2025-11-10 18:06:10,520 [INFO] PluginManage:359 - Loaded plugin pinoutandconfiguration (category:base,tabindex:1)
2025-11-10 18:06:10,520 [INFO] PluginManage:310 - Check plugin pinoutconfig
2025-11-10 18:06:10,587 [WARN] SupportedApi:132 - Cannot load RTOS API schema: s4s-elt-must-match.1: The content of 'definitions' must match (annotation?, (simpleType | complexType)?, (unique | key | keyref)*)). A problem was found starting at: attribute.
2025-11-10 18:06:10,699 [INFO] PluginManage:359 - Loaded plugin pinoutconfig (category:base,tabindex:0)
2025-11-10 18:06:10,700 [INFO] PluginManage:310 - Check plugin power
2025-11-10 18:06:10,706 [INFO] PluginManage:359 - Loaded plugin power (category:power,tabindex:4)
2025-11-10 18:06:10,706 [INFO] PluginManage:310 - Check plugin projectmanager
2025-11-10 18:06:10,720 [INFO] PluginManage:359 - Loaded plugin projectmanager (category:projectmanager,tabindex:4)
2025-11-10 18:06:10,720 [INFO] PluginManage:310 - Check plugin rif
2025-11-10 18:06:10,726 [INFO] PluginManage:359 - Loaded plugin rif (category:base,tabindex:3)
2025-11-10 18:06:10,726 [INFO] PluginManage:310 - Check plugin thirdparty
2025-11-10 18:06:10,950 [WARN] IntegrityCheckThread:84 - waiting for thirdparty lock release [integrity check]
2025-11-10 18:06:10,951 [INFO] PluginManage:359 - Loaded plugin thirdparty (category:base,tabindex:-1)
2025-11-10 18:06:10,951 [INFO] IntegrityCheckThread:86 - entering critical section [integrity check]
2025-11-10 18:06:10,951 [INFO] PluginManage:310 - Check plugin tools
2025-11-10 18:06:10,951 [INFO] ThirdPartyUpdaterWithRetryManager:70 - Updater plugin not ready yet. [1/15]
2025-11-10 18:06:10,952 [INFO] PluginManage:359 - Loaded plugin tools (category:base,tabindex:7)
2025-11-10 18:06:10,953 [INFO] PluginManage:310 - Check plugin tutovideos
2025-11-10 18:06:11,112 [INFO] PluginManage:359 - Loaded plugin tutovideos (category:base,tabindex:-1)
2025-11-10 18:06:11,112 [INFO] PluginManage:310 - Check plugin updater
2025-11-10 18:06:11,131 [INFO] PluginManage:359 - Loaded plugin updater (category:base,tabindex:12)
2025-11-10 18:06:11,132 [INFO] PluginManage:310 - Check plugin userauth
2025-11-10 18:06:11,135 [INFO] UserAuth:118 - Init User Auth plugin
2025-11-10 18:06:11,136 [INFO] PluginManage:359 - Loaded plugin userauth (category:base,tabindex:14)
2025-11-10 18:06:11,137 [INFO] PluginManage:283 - PluginManage : Loaded plugins [18]
2025-11-10 18:06:11,311 [INFO] PinOutPanel:1589 - setPackage(No Configuration,No Configuration)
2025-11-10 18:06:11,387 [INFO] CADModel:165 - CPN selected for project level
2025-11-10 18:06:11,387 [INFO] CADModel:114 - Register for checkConnection events
2025-11-10 18:06:11,399 [INFO] IPUIPlugin:80 - create IPUIPlugin
2025-11-10 18:06:11,399 [INFO] PluginManager:220 - loadIPPluginJar : add adc
2025-11-10 18:06:11,400 [INFO] IPUIPlugin:80 - create IPUIPlugin
2025-11-10 18:06:11,402 [INFO] PluginManager:220 - loadIPPluginJar : add aes
2025-11-10 18:06:11,404 [INFO] IPUIPlugin:80 - create IPUIPlugin
2025-11-10 18:06:11,404 [INFO] PluginManager:220 - loadIPPluginJar : add can
2025-11-10 18:06:11,406 [INFO] IPUIPlugin:80 - create IPUIPlugin
2025-11-10 18:06:11,406 [INFO] PluginManager:220 - loadIPPluginJar : add comp
2025-11-10 18:06:11,408 [INFO] IPUIPlugin:80 - create IPUIPlugin
2025-11-10 18:06:11,408 [INFO] PluginManager:220 - loadIPPluginJar : add cryp
2025-11-10 18:06:11,410 [INFO] IPUIPlugin:80 - create IPUIPlugin
2025-11-10 18:06:11,410 [INFO] PluginManager:220 - loadIPPluginJar : add ddr_ctrl_phy
2025-11-10 18:06:11,412 [INFO] IPUIPlugin:80 - create IPUIPlugin
2025-11-10 18:06:11,413 [INFO] PluginManager:220 - loadIPPluginJar : add dfsdm
2025-11-10 18:06:11,416 [INFO] IPUIPlugin:80 - create IPUIPlugin
2025-11-10 18:06:11,417 [INFO] PluginManager:220 - loadIPPluginJar : add dma
2025-11-10 18:06:11,420 [INFO] IPUIPlugin:80 - create IPUIPlugin
2025-11-10 18:06:11,420 [INFO] PluginManager:220 - loadIPPluginJar : add dma3
2025-11-10 18:06:11,422 [INFO] IPUIPlugin:80 - create IPUIPlugin
2025-11-10 18:06:11,422 [INFO] PluginManager:220 - loadIPPluginJar : add extmemmanager
2025-11-10 18:06:11,423 [INFO] IPUIPlugin:80 - create IPUIPlugin
2025-11-10 18:06:11,423 [INFO] PluginManager:220 - loadIPPluginJar : add fatfs
2025-11-10 18:06:11,427 [INFO] IPUIPlugin:80 - create IPUIPlugin
2025-11-10 18:06:11,427 [INFO] PluginManager:220 - loadIPPluginJar : add fmc
2025-11-10 18:06:11,431 [INFO] IPUIPlugin:80 - create IPUIPlugin
2025-11-10 18:06:11,431 [INFO] PluginManager:220 - loadIPPluginJar : add freertos
2025-11-10 18:06:11,433 [INFO] IPUIPlugin:80 - create IPUIPlugin
2025-11-10 18:06:11,433 [INFO] PluginManager:220 - loadIPPluginJar : add genericplugin
2025-11-10 18:06:11,436 [INFO] IPUIPlugin:80 - create IPUIPlugin
2025-11-10 18:06:11,436 [INFO] PluginManager:220 - loadIPPluginJar : add gfxmmu
2025-11-10 18:06:11,440 [INFO] IPUIPlugin:80 - create IPUIPlugin
2025-11-10 18:06:11,440 [INFO] PluginManager:220 - loadIPPluginJar : add gic
2025-11-10 18:06:11,443 [INFO] IPUIPlugin:80 - create IPUIPlugin
2025-11-10 18:06:11,443 [INFO] PluginManager:220 - loadIPPluginJar : add gpio
2025-11-10 18:06:11,447 [INFO] IPUIPlugin:80 - create IPUIPlugin
2025-11-10 18:06:11,447 [INFO] PluginManager:220 - loadIPPluginJar : add gtzc
2025-11-10 18:06:11,448 [INFO] IPUIPlugin:80 - create IPUIPlugin
2025-11-10 18:06:11,449 [INFO] PluginManager:220 - loadIPPluginJar : add hash
2025-11-10 18:06:11,453 [INFO] IPUIPlugin:80 - create IPUIPlugin
2025-11-10 18:06:11,453 [INFO] PluginManager:220 - loadIPPluginJar : add i2c
2025-11-10 18:06:11,455 [INFO] IPUIPlugin:80 - create IPUIPlugin
2025-11-10 18:06:11,455 [INFO] PluginManager:220 - loadIPPluginJar : add i2s
2025-11-10 18:06:11,459 [INFO] IPUIPlugin:80 - create IPUIPlugin
2025-11-10 18:06:11,459 [INFO] PluginManager:220 - loadIPPluginJar : add i3c
2025-11-10 18:06:11,462 [INFO] IPUIPlugin:80 - create IPUIPlugin
2025-11-10 18:06:11,462 [INFO] PluginManager:220 - loadIPPluginJar : add ipddr
2025-11-10 18:06:11,467 [INFO] IPUIPlugin:80 - create IPUIPlugin
2025-11-10 18:06:11,467 [INFO] PluginManager:220 - loadIPPluginJar : add linkedlist
2025-11-10 18:06:11,470 [INFO] IPUIPlugin:80 - create IPUIPlugin
2025-11-10 18:06:11,470 [INFO] PluginManager:220 - loadIPPluginJar : add lorawan
2025-11-10 18:06:11,472 [INFO] IPUIPlugin:80 - create IPUIPlugin
2025-11-10 18:06:11,472 [INFO] PluginManager:220 - loadIPPluginJar : add ltdc
2025-11-10 18:06:11,477 [INFO] IPUIPlugin:80 - create IPUIPlugin
2025-11-10 18:06:11,477 [INFO] PluginManager:220 - loadIPPluginJar : add mdma
2025-11-10 18:06:11,480 [INFO] IPUIPlugin:80 - create IPUIPlugin
2025-11-10 18:06:11,480 [INFO] PluginManager:220 - loadIPPluginJar : add nvic
2025-11-10 18:06:11,482 [INFO] IPUIPlugin:80 - create IPUIPlugin
2025-11-10 18:06:11,482 [INFO] PluginManager:220 - loadIPPluginJar : add opamp
2025-11-10 18:06:11,485 [INFO] IPUIPlugin:80 - create IPUIPlugin
2025-11-10 18:06:11,486 [INFO] PluginManager:220 - loadIPPluginJar : add openamp
2025-11-10 18:06:11,488 [INFO] IPUIPlugin:80 - create IPUIPlugin
2025-11-10 18:06:11,488 [INFO] PluginManager:220 - loadIPPluginJar : add pdm2pcm
2025-11-10 18:06:11,492 [INFO] IPUIPlugin:80 - create IPUIPlugin
2025-11-10 18:06:11,496 [INFO] PluginManager:220 - loadIPPluginJar : add plateformsettings
2025-11-10 18:06:11,498 [INFO] IPUIPlugin:80 - create IPUIPlugin
2025-11-10 18:06:11,498 [INFO] PluginManager:220 - loadIPPluginJar : add quadspi
2025-11-10 18:06:11,500 [INFO] IPUIPlugin:80 - create IPUIPlugin
2025-11-10 18:06:11,500 [INFO] PluginManager:220 - loadIPPluginJar : add radio
2025-11-10 18:06:11,503 [INFO] IPUIPlugin:80 - create IPUIPlugin
2025-11-10 18:06:11,503 [INFO] PluginManager:220 - loadIPPluginJar : add resmgrutility
2025-11-10 18:06:11,507 [INFO] IPUIPlugin:80 - create IPUIPlugin
2025-11-10 18:06:11,507 [INFO] PluginManager:220 - loadIPPluginJar : add sai
2025-11-10 18:06:11,509 [INFO] IPUIPlugin:80 - create IPUIPlugin
2025-11-10 18:06:11,509 [INFO] PluginManager:220 - loadIPPluginJar : add spi
2025-11-10 18:06:11,514 [INFO] IPUIPlugin:80 - create IPUIPlugin
2025-11-10 18:06:11,514 [INFO] PluginManager:220 - loadIPPluginJar : add stm32_wpan
2025-11-10 18:06:11,515 [INFO] IPUIPlugin:80 - create IPUIPlugin
2025-11-10 18:06:11,515 [INFO] PluginManager:220 - loadIPPluginJar : add tim
2025-11-10 18:06:11,519 [INFO] IPUIPlugin:80 - create IPUIPlugin
2025-11-10 18:06:11,520 [INFO] PluginManager:220 - loadIPPluginJar : add touchsensing
2025-11-10 18:06:11,521 [INFO] IPUIPlugin:80 - create IPUIPlugin
2025-11-10 18:06:11,521 [INFO] PluginManager:220 - loadIPPluginJar : add tracer_emb
2025-11-10 18:06:11,523 [INFO] IPUIPlugin:80 - create IPUIPlugin
2025-11-10 18:06:11,523 [INFO] PluginManager:220 - loadIPPluginJar : add ts
2025-11-10 18:06:11,524 [INFO] IPUIPlugin:80 - create IPUIPlugin
2025-11-10 18:06:11,525 [INFO] PluginManager:220 - loadIPPluginJar : add tsc
2025-11-10 18:06:11,526 [INFO] IPUIPlugin:80 - create IPUIPlugin
2025-11-10 18:06:11,526 [INFO] PluginManager:220 - loadIPPluginJar : add ucpd
2025-11-10 18:06:11,529 [INFO] IPUIPlugin:80 - create IPUIPlugin
2025-11-10 18:06:11,529 [INFO] PluginManager:220 - loadIPPluginJar : add usart
2025-11-10 18:06:11,532 [INFO] IPUIPlugin:80 - create IPUIPlugin
2025-11-10 18:06:11,532 [INFO] PluginManager:220 - loadIPPluginJar : add usbx
2025-11-10 18:06:11,699 [FATAL] Updater:351 - Updater called before beeing initialized
2025-11-10 18:06:11,728 [INFO] RulesReader:64 - Compatibility file has been processed (317 Rules)
2025-11-10 18:06:11,736 [INFO] RulesReader:64 - Compatibility file has been processed (317 Rules)
2025-11-10 18:06:11,742 [INFO] CADModel:165 - CPN selected for project level
2025-11-10 18:06:11,742 [INFO] CADModel:114 - Register for checkConnection events
2025-11-10 18:06:11,742 [FATAL] Updater:351 - Updater called before beeing initialized
2025-11-10 18:06:11,742 [ERROR] CADModel:125 - Updater not yet initialized, retry later 
2025-11-10 18:06:11,852 [FATAL] Updater:351 - Updater called before beeing initialized
2025-11-10 18:06:11,853 [INFO] CADModel:165 - CPN selected for project level
2025-11-10 18:06:11,853 [INFO] CADModel:114 - Register for checkConnection events
2025-11-10 18:06:11,853 [FATAL] Updater:351 - Updater called before beeing initialized
2025-11-10 18:06:11,854 [ERROR] CADModel:125 - Updater not yet initialized, retry later 
2025-11-10 18:06:11,857 [FATAL] Updater:351 - Updater called before beeing initialized
2025-11-10 18:06:11,951 [FATAL] Updater:351 - Updater called before beeing initialized
2025-11-10 18:06:11,954 [INFO] DbMcusAds:53 - JSON generation date=Mon Nov 10 03:43:01 MST 2025 (1762771381223)
2025-11-10 18:06:11,954 [FATAL] Updater:351 - Updater called before beeing initialized
2025-11-10 18:06:11,984 [WARN] DetailPanel:346 - Failed to get advertising image, set to default
2025-11-10 18:06:12,071 [FATAL] Updater:351 - Updater called before beeing initialized
2025-11-10 18:06:12,072 [FATAL] Updater:351 - Updater called before beeing initialized
2025-11-10 18:06:12,073 [FATAL] Updater:351 - Updater called before beeing initialized
2025-11-10 18:06:12,073 [WARN] DetailPanel:346 - Failed to get advertising image, set to default
2025-11-10 18:06:12,073 [FATAL] Updater:351 - Updater called before beeing initialized
2025-11-10 18:06:12,130 [ERROR] Updater:1198 - MainUpdater not yet initialized. External WinMGr cannot be set.
2025-11-10 18:06:12,135 [INFO] Updater:1134 - Updater Version found : 6.15.0
2025-11-10 18:06:12,149 [INFO] ApplicationProperties:184 - Using Application install path: C:\ST\STM32CubeIDE_1.19.0\STM32CubeIDE\plugins\com.st.stm32cube.common.mx_6.15.0.202507011659
2025-11-10 18:06:13,718 [ERROR] LogOutputStream:75 - [STDERR_REDIRECT] Nov 10, 2025 6:06:13 PM java.util.prefs.WindowsPreferences <init>
2025-11-10 18:06:13,719 [ERROR] LogOutputStream:75 - [STDERR_REDIRECT] WARNING: Could not open/create prefs root node Software\JavaSoft\Prefs at root 0xffffffff80000002. Windows RegCreateKeyEx(...) returned error code 5.
2025-11-10 18:06:13,719 [ERROR] LogOutputStream:75 - [STDERR_REDIRECT] 
2025-11-10 18:06:13,949 [INFO] MainUpdater:2872 - connection check result : 10
2025-11-10 18:06:13,950 [INFO] MainUpdater:289 - Updater Check For Update Now.
2025-11-10 18:06:13,950 [INFO] MicroXplorer:498 - Change Database Version : DB.6.0.150
2025-11-10 18:06:13,952 [INFO] ThirdPartyUpdaterWithRetryManager:70 - Updater plugin not ready yet. [2/15]
2025-11-10 18:06:13,969 [INFO] McuFinderGlobals:63 - Set McuFinder mode to 2 (CubeIDE integrated)
2025-11-10 18:06:13,970 [INFO] UserAuth:487 - Internet connection configuration mode: 1
2025-11-10 18:06:13,997 [INFO] JxBrowserEngine:152 - Initiate JxBrowser Engine with user profile folder
2025-11-10 18:06:14,114 [INFO] CheckServerUpdateThread:120 - End of CheckServer Thread
2025-11-10 18:06:14,829 [INFO] WebApp:169 - Instantiating new browser for Auth
2025-11-10 18:06:17,012 [INFO] WebApp:463 - Apply proxy settings
2025-11-10 18:06:17,012 [INFO] WebApp:548 - Chromium requires no authentication
2025-11-10 18:06:17,022 [INFO] WebApp:491 - Direct internet connection detected
2025-11-10 18:06:17,049 [INFO] WebApp:900 - Register for checkConnection events
2025-11-10 18:06:17,049 [INFO] WebApp:463 - Apply proxy settings
2025-11-10 18:06:17,049 [INFO] WebApp:548 - Chromium requires no authentication
2025-11-10 18:06:17,050 [INFO] WebApp:491 - Direct internet connection detected
2025-11-10 18:06:17,208 [INFO] WebApp:225 - Starting web application
2025-11-10 18:06:17,208 [INFO] WebApp:593 - Web application path used C:\ST\STM32CubeIDE_1.19.0\STM32CubeIDE\plugins\com.st.stm32cube.common.mx_6.15.0.202507011659\db\plugins\mcufinder\reactClient1\index.html
2025-11-10 18:06:17,559 [WARN] PackLoader:240 - Cannot read IP mode file for STMicroelectronics.FP-SNS-MOTENVWB1.1.4.0
2025-11-10 18:06:17,586 [WARN] PackLoader:240 - Cannot read IP mode file for STMicroelectronics.FP-ATR-ASTRA1.2.0.2
2025-11-10 18:06:17,707 [WARN] PackLoader:240 - Cannot read IP mode file for STMicroelectronics.X-CUBE-SMBUS.2.1.0
2025-11-10 18:06:17,885 [WARN] PackLoader:240 - Cannot read IP mode file for STMicroelectronics.X-CUBE-AZRTOS-F7.1.1.0
2025-11-10 18:06:17,925 [WARN] PackLoader:240 - Cannot read IP mode file for Cesanta.I-CUBE-Mongoose.7.19.0
2025-11-10 18:06:17,997 [WARN] PackLoader:240 - Cannot read IP mode file for STMicroelectronics.FP-SNS-MOTENV1.5.1.0
2025-11-10 18:06:18,139 [WARN] PackLoader:240 - Cannot read IP mode file for WES.I-CUBE-Cesium.1.4.0
2025-11-10 18:06:18,435 [WARN] PackLoader:240 - Cannot read IP mode file for Infineon.AIROC-Wi-Fi-Bluetooth-STM32.1.7.1
2025-11-10 18:06:18,759 [WARN] PackLoader:240 - Cannot read IP mode file for STMicroelectronics.X-CUBE-AZRTOS-H7.3.4.0
2025-11-10 18:06:18,861 [WARN] PackLoader:240 - Cannot read IP mode file for STMicroelectronics.X-CUBE-DISPLAY.3.0.0
2025-11-10 18:06:18,918 [INFO] UserAuth:487 - Internet connection configuration mode: 1
2025-11-10 18:06:18,970 [WARN] PackLoader:240 - Cannot read IP mode file for STMicroelectronics.X-CUBE-NFC10.1.0.0
2025-11-10 18:06:19,039 [ERROR] LogOutputStream:75 - [STDERR_REDIRECT] [Fatal Error] :1:1: Premature end of file.
2025-11-10 18:06:19,039 [ERROR] LogOutputStream:75 - [STDERR_REDIRECT] 
2025-11-10 18:06:19,151 [WARN] PackLoader:240 - Cannot read IP mode file for STMicroelectronics.X-CUBE-ST60.1.1.0
2025-11-10 18:06:19,320 [WARN] PackLoader:240 - Cannot read IP mode file for emotas.I-CUBE-CANOPEN.1.3.0
2025-11-10 18:06:19,396 [WARN] PackLoader:240 - Cannot read IP mode file for STMicroelectronics.X-CUBE-GNSS1.7.1.0
2025-11-10 18:06:19,721 [WARN] PackLoader:240 - Cannot read IP mode file for STMicroelectronics.FP-SNS-STBOX1.2.1.0
2025-11-10 18:06:19,750 [INFO] WebApp:191 - Connection restablished
2025-11-10 18:06:20,019 [ERROR] LogOutputStream:75 - [STDERR_REDIRECT] [Fatal Error] :1:1: Premature end of file.
2025-11-10 18:06:20,020 [ERROR] LogOutputStream:75 - [STDERR_REDIRECT] 
2025-11-10 18:06:20,029 [WARN] PackLoader:240 - Cannot read IP mode file for STMicroelectronics.FP-SNS-SMARTAG2.1.2.0
2025-11-10 18:06:20,524 [WARN] PackLoader:240 - Cannot read IP mode file for STMicroelectronics.FP-SNS-FLIGHT1.5.1.0
2025-11-10 18:06:20,664 [INFO] LogOutputStream:77 - [STDOUT_REDIRECT] 1 : Invalid condition id : UX_CORESTACK_Condition cause : null
2025-11-10 18:06:20,665 [INFO] LogOutputStream:77 - [STDOUT_REDIRECT] 1 : Invalid condition id : UX_CORESTACK_Condition cause : null
2025-11-10 18:06:20,666 [INFO] LogOutputStream:77 - [STDOUT_REDIRECT] 1 : Invalid condition id : UX_CORESTACK_Condition cause : null
2025-11-10 18:06:20,667 [INFO] LogOutputStream:77 - [STDOUT_REDIRECT] 1 : Invalid condition id : UX_CORESTACK_Condition cause : null
2025-11-10 18:06:20,668 [INFO] LogOutputStream:77 - [STDOUT_REDIRECT] 1 : Invalid condition id : UX_CORESTACK_Condition cause : null
2025-11-10 18:06:20,670 [WARN] PackLoader:240 - Cannot read IP mode file for STMicroelectronics.X-CUBE-AZRTOS-WL.2.0.0
2025-11-10 18:06:20,716 [WARN] PackLoader:240 - Cannot read IP mode file for STMicroelectronics.X-CUBE-BLE2.3.3.0
2025-11-10 18:06:21,020 [ERROR] LogOutputStream:75 - [STDERR_REDIRECT] [Fatal Error] :1:1: Premature end of file.
2025-11-10 18:06:21,020 [ERROR] LogOutputStream:75 - [STDERR_REDIRECT] 
2025-11-10 18:06:21,402 [WARN] PackLoader:240 - Cannot read IP mode file for STMicroelectronics.X-CUBE-NFC9.1.0.0
2025-11-10 18:06:21,543 [WARN] PackLoader:240 - Cannot read IP mode file for wolfSSL.I-CUBE-wolfSSL.5.8.2
2025-11-10 18:06:21,656 [WARN] PackLoader:240 - Cannot read IP mode file for STMicroelectronics.X-CUBE-BLE1.7.1.0
2025-11-10 18:06:21,726 [WARN] PackLoader:240 - Cannot read IP mode file for wolfSSL.I-CUBE-wolfMQTT.1.19.2
2025-11-10 18:06:21,879 [WARN] PackLoader:240 - Cannot read IP mode file for STMicroelectronics.X-CUBE-EEPRMA1.5.2.0
2025-11-10 18:06:22,019 [WARN] PackLoader:240 - Cannot read IP mode file for STMicroelectronics.X-CUBE-ST67W61.1.1.0
2025-11-10 18:06:22,022 [ERROR] LogOutputStream:75 - [STDERR_REDIRECT] [Fatal Error] :1:1: Premature end of file.
2025-11-10 18:06:22,022 [ERROR] LogOutputStream:75 - [STDERR_REDIRECT] 
2025-11-10 18:06:22,245 [WARN] PackLoader:240 - Cannot read IP mode file for STMicroelectronics.X-CUBE-AZRTOS-G0.1.1.0
2025-11-10 18:06:22,287 [WARN] PackLoader:240 - Cannot read IP mode file for STMicroelectronics.X-CUBE-NFC4.3.0.0
2025-11-10 18:06:22,358 [WARN] PackLoader:240 - Cannot read IP mode file for EmbeddedOffice.I-CUBE-FS-RTOS.1.0.1
2025-11-10 18:06:22,438 [WARN] PackLoader:240 - Cannot read IP mode file for STMicroelectronics.X-CUBE-WB05N.2.0.0
2025-11-10 18:06:22,487 [WARN] PackLoader:240 - Cannot read IP mode file for wolfSSL.I-CUBE-wolfTPM.3.8.0
2025-11-10 18:06:22,713 [WARN] PackLoader:240 - Cannot read IP mode file for STMicroelectronics.X-CUBE-TCPP.4.2.0
2025-11-10 18:06:22,905 [WARN] PackLoader:240 - Cannot read IP mode file for RealThread.X-CUBE-RT-Thread_Nano.4.1.1
2025-11-10 18:06:22,953 [WARN] PackLoader:240 - Cannot read IP mode file for STMicroelectronics.FP-ATR-SIGFOX1.3.2.0
2025-11-10 18:06:23,022 [WARN] PackLoader:240 - Cannot read IP mode file for ITTIA_DB.I-CUBE-ITTIADB.8.9.0
2025-11-10 18:06:23,023 [ERROR] LogOutputStream:75 - [STDERR_REDIRECT] [Fatal Error] :1:1: Premature end of file.
2025-11-10 18:06:23,023 [ERROR] LogOutputStream:75 - [STDERR_REDIRECT] 
2025-11-10 18:06:23,104 [WARN] PackLoader:240 - Cannot read IP mode file for STMicroelectronics.X-CUBE-AI.10.2.0
2025-11-10 18:06:23,184 [WARN] PackLoader:240 - Cannot read IP mode file for SEGGER.I-CUBE-embOS.1.3.1
2025-11-10 18:06:23,259 [WARN] PackLoader:240 - Cannot read IP mode file for STMicroelectronics.X-CUBE-ALGOBUILD.1.4.0
2025-11-10 18:06:23,426 [WARN] PackLoader:240 - Cannot read IP mode file for STMicroelectronics.X-CUBE-MEMS1.11.3.0
2025-11-10 18:06:23,597 [WARN] PackLoader:240 - Cannot read IP mode file for STMicroelectronics.X-CUBE-PM33A1.1.0.0
2025-11-10 18:06:23,736 [WARN] PackLoader:240 - Cannot read IP mode file for STMicroelectronics.X-CUBE-AZRTOS-F4.1.1.0
2025-11-10 18:06:23,795 [WARN] PackLoader:240 - Cannot read IP mode file for STMicroelectronics.X-CUBE-ISPU.2.1.0
2025-11-10 18:06:23,915 [WARN] PackLoader:240 - Cannot read IP mode file for STMicroelectronics.X-CUBE-IPS.3.2.0
2025-11-10 18:06:24,021 [ERROR] LogOutputStream:75 - [STDERR_REDIRECT] [Fatal Error] :1:1: Premature end of file.
2025-11-10 18:06:24,021 [ERROR] LogOutputStream:75 - [STDERR_REDIRECT] 
2025-11-10 18:06:24,057 [WARN] PackLoader:240 - Cannot read IP mode file for STMicroelectronics.X-CUBE-NFC12.1.0.0
2025-11-10 18:06:24,240 [WARN] PackLoader:240 - Cannot read IP mode file for STMicroelectronics.X-CUBE-AZRTOS-L5.2.0.0
2025-11-10 18:06:24,305 [WARN] PackLoader:240 - Cannot read IP mode file for STMicroelectronics.X-CUBE-NFC6.3.1.0
2025-11-10 18:06:24,369 [WARN] PackLoader:240 - Cannot read IP mode file for STMicroelectronics.X-CUBE-FREERTOS.1.3.1
2025-11-10 18:06:24,420 [WARN] PackLoader:240 - Cannot read IP mode file for STMicroelectronics.X-CUBE-TOUCHGFX.4.26.0
2025-11-10 18:06:24,471 [WARN] PackLoader:240 - Cannot read IP mode file for STMicroelectronics.FP-SNS-STAIOTCFT.1.0.0
2025-11-10 18:06:24,544 [WARN] PackLoader:240 - Cannot read IP mode file for STMicroelectronics.X-CUBE-DPower.1.3.0
2025-11-10 18:06:24,673 [WARN] ConditionMgr:438 - getConditionDescription Invalid condition id : LAN8742 Phy interface Condition cause : null
2025-11-10 18:06:24,673 [WARN] PackLoader:240 - Cannot read IP mode file for STMicroelectronics.X-CUBE-AZRTOS-L4.2.0.0
2025-11-10 18:06:24,674 [WARN] ConditionMgr:1044 - genDependencies : Invalid condition id : LAN8742 Phy interface Condition cause : null
2025-11-10 18:06:24,674 [WARN] ConditionMgr:1044 - genDependencies : Invalid condition id : LAN8742 Phy interface Condition cause : null
2025-11-10 18:06:24,675 [WARN] ConditionMgr:1044 - genDependencies : Invalid condition id : LAN8742 Phy interface Condition cause : null
2025-11-10 18:06:24,738 [WARN] PackLoader:240 - Cannot read IP mode file for STMicroelectronics.X-CUBE-SFXS2LP1.4.0.0
2025-11-10 18:06:24,803 [WARN] PackLoader:240 - Cannot read IP mode file for STMicroelectronics.X-CUBE-BLEMGR.4.1.0
2025-11-10 18:06:24,907 [WARN] ConditionMgr:438 - getConditionDescription Invalid condition id : UX DEVICE CLASS RTOS Condition cause : null
2025-11-10 18:06:24,907 [WARN] ConditionMgr:438 - getConditionDescription Invalid condition id : UX DEVICE CLASS RTOS Condition cause : null
2025-11-10 18:06:24,915 [WARN] PackLoader:240 - Cannot read IP mode file for STMicroelectronics.X-CUBE-AZRTOS-WB.2.0.0
2025-11-10 18:06:24,915 [WARN] ConditionMgr:1044 - genDependencies : Invalid condition id : UX DEVICE CLASS RTOS Condition cause : null
2025-11-10 18:06:24,915 [WARN] ConditionMgr:1044 - genDependencies : Invalid condition id : UX DEVICE CLASS RTOS Condition cause : null
2025-11-10 18:06:24,916 [WARN] ConditionMgr:1044 - genDependencies : Invalid condition id : UX DEVICE CLASS RTOS Condition cause : null
2025-11-10 18:06:24,916 [WARN] ConditionMgr:1044 - genDependencies : Invalid condition id : UX DEVICE CLASS RTOS Condition cause : null
2025-11-10 18:06:24,916 [WARN] ConditionMgr:1044 - genDependencies : Invalid condition id : UX DEVICE CLASS RTOS Condition cause : null
2025-11-10 18:06:24,942 [WARN] ConditionMgr:438 - getConditionDescription Invalid condition id : Cortex-A Device cause : null
2025-11-10 18:06:24,972 [WARN] ConditionMgr:1044 - genDependencies : Invalid condition id : Cortex-A Device cause : null
2025-11-10 18:06:24,972 [WARN] ConditionMgr:1044 - genDependencies : Invalid condition id : Cortex-A Device cause : null
2025-11-10 18:06:24,972 [WARN] ConditionMgr:1044 - genDependencies : Invalid condition id : Cortex-A Device cause : null
2025-11-10 18:06:25,021 [ERROR] LogOutputStream:75 - [STDERR_REDIRECT] [Fatal Error] :1:1: Premature end of file.
2025-11-10 18:06:25,021 [ERROR] LogOutputStream:75 - [STDERR_REDIRECT] 
2025-11-10 18:06:25,049 [WARN] PackLoader:240 - Cannot read IP mode file for STMicroelectronics.X-CUBE-SUBG2.5.0.0
2025-11-10 18:06:25,119 [WARN] PackLoader:240 - Cannot read IP mode file for STMicroelectronics.X-CUBE-AZRTOS-H7RS.1.1.0
2025-11-10 18:06:25,142 [WARN] PackLoader:240 - Cannot read IP mode file for STMicroelectronics.X-CUBE-AZRTOS-G4.2.0.0
2025-11-10 18:06:25,194 [WARN] PackLoader:240 - Cannot read IP mode file for wolfSSL.I-CUBE-wolfSSH.1.4.20
2025-11-10 18:06:25,306 [WARN] PackLoader:240 - Cannot read IP mode file for STMicroelectronics.X-CUBE-NFC7.2.0.0
2025-11-10 18:06:25,317 [WARN] PackLoader:240 - Cannot read IP mode file for STMicroelectronics.X-CUBE-ALS.1.0.2
2025-11-10 18:06:25,334 [WARN] PackLoader:240 - Cannot read IP mode file for STMicroelectronics.X-CUBE-STSE01.1.0.0
2025-11-10 18:06:25,350 [WARN] PackLoader:240 - Cannot read IP mode file for STMicroelectronics.X-CUBE-TOF1.3.4.3
2025-11-10 18:06:25,356 [INFO] ThirdParty:978 - Integrity check success = true
2025-11-10 18:06:25,356 [INFO] IntegrityCheckThread:100 - exiting critical section [integrity check]
2025-11-10 18:06:25,357 [INFO] IntegrityCheckThread:103 - End integrity checks thread
2025-11-10 18:06:26,020 [ERROR] LogOutputStream:75 - [STDERR_REDIRECT] [Fatal Error] :1:1: Premature end of file.
2025-11-10 18:06:26,020 [ERROR] LogOutputStream:75 - [STDERR_REDIRECT] 
2025-11-10 18:06:27,021 [ERROR] LogOutputStream:75 - [STDERR_REDIRECT] [Fatal Error] :1:1: Premature end of file.
2025-11-10 18:06:27,021 [ERROR] LogOutputStream:75 - [STDERR_REDIRECT] 
2025-11-10 18:06:28,020 [ERROR] LogOutputStream:75 - [STDERR_REDIRECT] [Fatal Error] :1:1: Premature end of file.
2025-11-10 18:06:28,021 [ERROR] LogOutputStream:75 - [STDERR_REDIRECT] 
2025-11-10 18:06:29,020 [ERROR] LogOutputStream:75 - [STDERR_REDIRECT] [Fatal Error] :1:1: Premature end of file.
2025-11-10 18:06:29,020 [ERROR] LogOutputStream:75 - [STDERR_REDIRECT] 
2025-11-10 18:06:30,020 [ERROR] LogOutputStream:75 - [STDERR_REDIRECT] [Fatal Error] :1:1: Premature end of file.
2025-11-10 18:06:30,020 [ERROR] LogOutputStream:75 - [STDERR_REDIRECT] 
2025-11-10 18:06:31,019 [ERROR] LogOutputStream:75 - [STDERR_REDIRECT] [Fatal Error] :1:1: Premature end of file.
2025-11-10 18:06:31,019 [ERROR] LogOutputStream:75 - [STDERR_REDIRECT] 
2025-11-10 18:06:32,020 [ERROR] LogOutputStream:75 - [STDERR_REDIRECT] [Fatal Error] :1:1: Premature end of file.
2025-11-10 18:06:32,020 [ERROR] LogOutputStream:75 - [STDERR_REDIRECT] 
2025-11-10 18:06:33,023 [ERROR] LogOutputStream:75 - [STDERR_REDIRECT] [Fatal Error] :1:1: Premature end of file.
2025-11-10 18:06:33,023 [ERROR] LogOutputStream:75 - [STDERR_REDIRECT] 
2025-11-10 18:06:34,019 [ERROR] LogOutputStream:75 - [STDERR_REDIRECT] [Fatal Error] :1:1: Premature end of file.
2025-11-10 18:06:34,019 [ERROR] LogOutputStream:75 - [STDERR_REDIRECT] 
2025-11-10 18:06:35,020 [ERROR] LogOutputStream:75 - [STDERR_REDIRECT] [Fatal Error] :1:1: Premature end of file.
2025-11-10 18:06:35,020 [ERROR] LogOutputStream:75 - [STDERR_REDIRECT] 
2025-11-10 18:06:36,019 [ERROR] LogOutputStream:75 - [STDERR_REDIRECT] [Fatal Error] :1:1: Premature end of file.
2025-11-10 18:06:36,020 [ERROR] LogOutputStream:75 - [STDERR_REDIRECT] 
2025-11-10 18:06:37,019 [ERROR] LogOutputStream:75 - [STDERR_REDIRECT] [Fatal Error] :1:1: Premature end of file.
2025-11-10 18:06:37,020 [ERROR] LogOutputStream:75 - [STDERR_REDIRECT] 
2025-11-10 18:06:38,019 [ERROR] LogOutputStream:75 - [STDERR_REDIRECT] [Fatal Error] :1:1: Premature end of file.
2025-11-10 18:06:38,019 [ERROR] LogOutputStream:75 - [STDERR_REDIRECT] 
2025-11-10 18:06:39,021 [ERROR] LogOutputStream:75 - [STDERR_REDIRECT] [Fatal Error] :1:1: Premature end of file.
2025-11-10 18:06:39,021 [ERROR] LogOutputStream:75 - [STDERR_REDIRECT] 
2025-11-10 18:06:40,020 [ERROR] LogOutputStream:75 - [STDERR_REDIRECT] [Fatal Error] :1:1: Premature end of file.
2025-11-10 18:06:40,020 [ERROR] LogOutputStream:75 - [STDERR_REDIRECT] 
2025-11-10 18:06:41,020 [ERROR] LogOutputStream:75 - [STDERR_REDIRECT] [Fatal Error] :1:1: Premature end of file.
2025-11-10 18:06:41,020 [ERROR] LogOutputStream:75 - [STDERR_REDIRECT] 
2025-11-10 18:06:42,022 [ERROR] LogOutputStream:75 - [STDERR_REDIRECT] [Fatal Error] :1:1: Premature end of file.
2025-11-10 18:06:42,023 [ERROR] LogOutputStream:75 - [STDERR_REDIRECT] 
2025-11-10 18:06:43,020 [ERROR] LogOutputStream:75 - [STDERR_REDIRECT] [Fatal Error] :1:1: Premature end of file.
2025-11-10 18:06:43,020 [ERROR] LogOutputStream:75 - [STDERR_REDIRECT] 
2025-11-10 18:06:44,020 [ERROR] LogOutputStream:75 - [STDERR_REDIRECT] [Fatal Error] :1:1: Premature end of file.
2025-11-10 18:06:44,020 [ERROR] LogOutputStream:75 - [STDERR_REDIRECT] 
2025-11-10 18:06:45,021 [ERROR] LogOutputStream:75 - [STDERR_REDIRECT] [Fatal Error] :1:1: Premature end of file.
2025-11-10 18:06:45,021 [ERROR] LogOutputStream:75 - [STDERR_REDIRECT] 
2025-11-10 18:06:46,022 [ERROR] LogOutputStream:75 - [STDERR_REDIRECT] [Fatal Error] :1:1: Premature end of file.
2025-11-10 18:06:46,022 [ERROR] LogOutputStream:75 - [STDERR_REDIRECT] 
2025-11-10 18:06:47,023 [ERROR] LogOutputStream:75 - [STDERR_REDIRECT] [Fatal Error] :1:1: Premature end of file.
2025-11-10 18:06:47,024 [ERROR] LogOutputStream:75 - [STDERR_REDIRECT] 
2025-11-10 18:06:48,024 [ERROR] LogOutputStream:75 - [STDERR_REDIRECT] [Fatal Error] :1:1: Premature end of file.
2025-11-10 18:06:48,024 [ERROR] LogOutputStream:75 - [STDERR_REDIRECT] 
2025-11-10 18:06:49,021 [ERROR] LogOutputStream:75 - [STDERR_REDIRECT] [Fatal Error] :1:1: Premature end of file.
2025-11-10 18:06:49,021 [ERROR] LogOutputStream:75 - [STDERR_REDIRECT] 
2025-11-10 18:06:50,019 [ERROR] LogOutputStream:75 - [STDERR_REDIRECT] [Fatal Error] :1:1: Premature end of file.
2025-11-10 18:06:50,019 [ERROR] LogOutputStream:75 - [STDERR_REDIRECT] 
2025-11-10 18:06:51,018 [ERROR] LogOutputStream:75 - [STDERR_REDIRECT] [Fatal Error] :1:1: Premature end of file.
2025-11-10 18:06:51,018 [ERROR] LogOutputStream:75 - [STDERR_REDIRECT] 
2025-11-10 18:06:52,020 [ERROR] LogOutputStream:75 - [STDERR_REDIRECT] [Fatal Error] :1:1: Premature end of file.
2025-11-10 18:06:52,020 [ERROR] LogOutputStream:75 - [STDERR_REDIRECT] 
2025-11-10 18:06:53,020 [ERROR] LogOutputStream:75 - [STDERR_REDIRECT] [Fatal Error] :1:1: Premature end of file.
2025-11-10 18:06:53,021 [ERROR] LogOutputStream:75 - [STDERR_REDIRECT] 
2025-11-10 18:06:54,020 [ERROR] LogOutputStream:75 - [STDERR_REDIRECT] [Fatal Error] :1:1: Premature end of file.
2025-11-10 18:06:54,020 [ERROR] LogOutputStream:75 - [STDERR_REDIRECT] 
2025-11-10 18:06:55,019 [ERROR] LogOutputStream:75 - [STDERR_REDIRECT] [Fatal Error] :1:1: Premature end of file.
2025-11-10 18:06:55,019 [ERROR] LogOutputStream:75 - [STDERR_REDIRECT] 
2025-11-10 18:06:56,018 [ERROR] LogOutputStream:75 - [STDERR_REDIRECT] [Fatal Error] :1:1: Premature end of file.
2025-11-10 18:06:56,019 [ERROR] LogOutputStream:75 - [STDERR_REDIRECT] 
2025-11-10 18:06:57,020 [ERROR] LogOutputStream:75 - [STDERR_REDIRECT] [Fatal Error] :1:1: Premature end of file.
2025-11-10 18:06:57,020 [ERROR] LogOutputStream:75 - [STDERR_REDIRECT] 
2025-11-10 18:06:58,026 [ERROR] LogOutputStream:75 - [STDERR_REDIRECT] [Fatal Error] :1:1: Premature end of file.
2025-11-10 18:06:58,026 [ERROR] LogOutputStream:75 - [STDERR_REDIRECT] 
2025-11-10 18:06:59,020 [ERROR] LogOutputStream:75 - [STDERR_REDIRECT] [Fatal Error] :1:1: Premature end of file.
2025-11-10 18:06:59,020 [ERROR] LogOutputStream:75 - [STDERR_REDIRECT] 
2025-11-10 18:07:00,020 [ERROR] LogOutputStream:75 - [STDERR_REDIRECT] [Fatal Error] :1:1: Premature end of file.
2025-11-10 18:07:00,020 [ERROR] LogOutputStream:75 - [STDERR_REDIRECT] 
2025-11-10 18:07:01,022 [ERROR] LogOutputStream:75 - [STDERR_REDIRECT] [Fatal Error] :1:1: Premature end of file.
2025-11-10 18:07:01,022 [ERROR] LogOutputStream:75 - [STDERR_REDIRECT] 
2025-11-10 18:07:02,024 [ERROR] LogOutputStream:75 - [STDERR_REDIRECT] [Fatal Error] :1:1: Premature end of file.
2025-11-10 18:07:02,024 [ERROR] LogOutputStream:75 - [STDERR_REDIRECT] 
2025-11-10 18:07:03,022 [ERROR] LogOutputStream:75 - [STDERR_REDIRECT] [Fatal Error] :1:1: Premature end of file.
2025-11-10 18:07:03,022 [ERROR] LogOutputStream:75 - [STDERR_REDIRECT] 
2025-11-10 18:07:04,020 [ERROR] LogOutputStream:75 - [STDERR_REDIRECT] [Fatal Error] :1:1: Premature end of file.
2025-11-10 18:07:04,020 [ERROR] LogOutputStream:75 - [STDERR_REDIRECT] 
2025-11-10 18:07:05,020 [ERROR] LogOutputStream:75 - [STDERR_REDIRECT] [Fatal Error] :1:1: Premature end of file.
2025-11-10 18:07:05,020 [ERROR] LogOutputStream:75 - [STDERR_REDIRECT] 
2025-11-10 18:07:06,019 [ERROR] LogOutputStream:75 - [STDERR_REDIRECT] [Fatal Error] :1:1: Premature end of file.
2025-11-10 18:07:06,019 [ERROR] LogOutputStream:75 - [STDERR_REDIRECT] 
2025-11-10 18:07:07,020 [ERROR] LogOutputStream:75 - [STDERR_REDIRECT] [Fatal Error] :1:1: Premature end of file.
2025-11-10 18:07:07,021 [ERROR] LogOutputStream:75 - [STDERR_REDIRECT] 
2025-11-10 18:07:08,019 [ERROR] LogOutputStream:75 - [STDERR_REDIRECT] [Fatal Error] :1:1: Premature end of file.
2025-11-10 18:07:08,019 [ERROR] LogOutputStream:75 - [STDERR_REDIRECT] 
2025-11-10 18:07:09,019 [ERROR] LogOutputStream:75 - [STDERR_REDIRECT] [Fatal Error] :1:1: Premature end of file.
2025-11-10 18:07:09,019 [ERROR] LogOutputStream:75 - [STDERR_REDIRECT] 
2025-11-10 18:07:10,020 [ERROR] LogOutputStream:75 - [STDERR_REDIRECT] [Fatal Error] :1:1: Premature end of file.
2025-11-10 18:07:10,020 [ERROR] LogOutputStream:75 - [STDERR_REDIRECT] 
2025-11-10 18:07:11,021 [ERROR] LogOutputStream:75 - [STDERR_REDIRECT] [Fatal Error] :1:1: Premature end of file.
2025-11-10 18:07:11,021 [ERROR] LogOutputStream:75 - [STDERR_REDIRECT] 
2025-11-10 18:07:12,021 [ERROR] LogOutputStream:75 - [STDERR_REDIRECT] [Fatal Error] :1:1: Premature end of file.
2025-11-10 18:07:12,022 [ERROR] LogOutputStream:75 - [STDERR_REDIRECT] 
2025-11-10 18:07:13,021 [ERROR] LogOutputStream:75 - [STDERR_REDIRECT] [Fatal Error] :1:1: Premature end of file.
2025-11-10 18:07:13,022 [ERROR] LogOutputStream:75 - [STDERR_REDIRECT] 
2025-11-10 18:07:14,020 [ERROR] LogOutputStream:75 - [STDERR_REDIRECT] [Fatal Error] :1:1: Premature end of file.
2025-11-10 18:07:14,020 [ERROR] LogOutputStream:75 - [STDERR_REDIRECT] 
2025-11-10 18:07:15,020 [ERROR] LogOutputStream:75 - [STDERR_REDIRECT] [Fatal Error] :1:1: Premature end of file.
2025-11-10 18:07:15,020 [ERROR] LogOutputStream:75 - [STDERR_REDIRECT] 
2025-11-10 18:07:16,020 [ERROR] LogOutputStream:75 - [STDERR_REDIRECT] [Fatal Error] :1:1: Premature end of file.
2025-11-10 18:07:16,022 [ERROR] LogOutputStream:75 - [STDERR_REDIRECT] 
2025-11-10 18:07:17,020 [ERROR] LogOutputStream:75 - [STDERR_REDIRECT] [Fatal Error] :1:1: Premature end of file.
2025-11-10 18:07:17,020 [ERROR] LogOutputStream:75 - [STDERR_REDIRECT] 
2025-11-10 18:07:18,021 [ERROR] LogOutputStream:75 - [STDERR_REDIRECT] [Fatal Error] :1:1: Premature end of file.
2025-11-10 18:07:18,021 [ERROR] LogOutputStream:75 - [STDERR_REDIRECT] 
2025-11-10 18:07:19,019 [ERROR] LogOutputStream:75 - [STDERR_REDIRECT] [Fatal Error] :1:1: Premature end of file.
2025-11-10 18:07:19,019 [ERROR] LogOutputStream:75 - [STDERR_REDIRECT] 
2025-11-10 18:07:20,021 [ERROR] LogOutputStream:75 - [STDERR_REDIRECT] [Fatal Error] :1:1: Premature end of file.
2025-11-10 18:07:20,021 [ERROR] LogOutputStream:75 - [STDERR_REDIRECT] 
2025-11-10 18:07:21,020 [ERROR] LogOutputStream:75 - [STDERR_REDIRECT] [Fatal Error] :1:1: Premature end of file.
2025-11-10 18:07:21,020 [ERROR] LogOutputStream:75 - [STDERR_REDIRECT] 
2025-11-10 18:07:22,021 [ERROR] LogOutputStream:75 - [STDERR_REDIRECT] [Fatal Error] :1:1: Premature end of file.
2025-11-10 18:07:22,021 [ERROR] LogOutputStream:75 - [STDERR_REDIRECT] 
2025-11-10 18:07:23,020 [ERROR] LogOutputStream:75 - [STDERR_REDIRECT] [Fatal Error] :1:1: Premature end of file.
2025-11-10 18:07:23,020 [ERROR] LogOutputStream:75 - [STDERR_REDIRECT] 
2025-11-10 18:07:24,020 [ERROR] LogOutputStream:75 - [STDERR_REDIRECT] [Fatal Error] :1:1: Premature end of file.
2025-11-10 18:07:24,020 [ERROR] LogOutputStream:75 - [STDERR_REDIRECT] 
2025-11-10 18:07:25,019 [ERROR] LogOutputStream:75 - [STDERR_REDIRECT] [Fatal Error] :1:1: Premature end of file.
2025-11-10 18:07:25,019 [ERROR] LogOutputStream:75 - [STDERR_REDIRECT] 
2025-11-10 18:07:26,021 [ERROR] LogOutputStream:75 - [STDERR_REDIRECT] [Fatal Error] :1:1: Premature end of file.
2025-11-10 18:07:26,021 [ERROR] LogOutputStream:75 - [STDERR_REDIRECT] 
2025-11-10 18:07:27,021 [ERROR] LogOutputStream:75 - [STDERR_REDIRECT] [Fatal Error] :1:1: Premature end of file.
2025-11-10 18:07:27,021 [ERROR] LogOutputStream:75 - [STDERR_REDIRECT] 
2025-11-10 18:07:28,020 [ERROR] LogOutputStream:75 - [STDERR_REDIRECT] [Fatal Error] :1:1: Premature end of file.
2025-11-10 18:07:28,020 [ERROR] LogOutputStream:75 - [STDERR_REDIRECT] 
2025-11-10 18:07:29,019 [ERROR] LogOutputStream:75 - [STDERR_REDIRECT] [Fatal Error] :1:1: Premature end of file.
2025-11-10 18:07:29,020 [ERROR] LogOutputStream:75 - [STDERR_REDIRECT] 
2025-11-10 18:07:30,019 [ERROR] LogOutputStream:75 - [STDERR_REDIRECT] [Fatal Error] :1:1: Premature end of file.
2025-11-10 18:07:30,019 [ERROR] LogOutputStream:75 - [STDERR_REDIRECT] 
2025-11-10 18:07:31,020 [ERROR] LogOutputStream:75 - [STDERR_REDIRECT] [Fatal Error] :1:1: Premature end of file.
2025-11-10 18:07:31,020 [ERROR] LogOutputStream:75 - [STDERR_REDIRECT] 
2025-11-10 18:07:32,020 [ERROR] LogOutputStream:75 - [STDERR_REDIRECT] [Fatal Error] :1:1: Premature end of file.
2025-11-10 18:07:32,020 [ERROR] LogOutputStream:75 - [STDERR_REDIRECT] 
2025-11-10 18:07:33,020 [ERROR] LogOutputStream:75 - [STDERR_REDIRECT] [Fatal Error] :1:1: Premature end of file.
2025-11-10 18:07:33,020 [ERROR] LogOutputStream:75 - [STDERR_REDIRECT] 
2025-11-10 18:07:34,020 [ERROR] LogOutputStream:75 - [STDERR_REDIRECT] [Fatal Error] :1:1: Premature end of file.
2025-11-10 18:07:34,020 [ERROR] LogOutputStream:75 - [STDERR_REDIRECT] 
2025-11-10 18:07:35,021 [ERROR] LogOutputStream:75 - [STDERR_REDIRECT] [Fatal Error] :1:1: Premature end of file.
2025-11-10 18:07:35,021 [ERROR] LogOutputStream:75 - [STDERR_REDIRECT] 
2025-11-10 18:07:36,021 [ERROR] LogOutputStream:75 - [STDERR_REDIRECT] [Fatal Error] :1:1: Premature end of file.
2025-11-10 18:07:36,021 [ERROR] LogOutputStream:75 - [STDERR_REDIRECT] 
2025-11-10 18:07:37,019 [ERROR] LogOutputStream:75 - [STDERR_REDIRECT] [Fatal Error] :1:1: Premature end of file.
2025-11-10 18:07:37,020 [ERROR] LogOutputStream:75 - [STDERR_REDIRECT] 
2025-11-10 18:07:38,021 [ERROR] LogOutputStream:75 - [STDERR_REDIRECT] [Fatal Error] :1:1: Premature end of file.
2025-11-10 18:07:38,021 [ERROR] LogOutputStream:75 - [STDERR_REDIRECT] 
2025-11-10 18:07:39,020 [ERROR] LogOutputStream:75 - [STDERR_REDIRECT] [Fatal Error] :1:1: Premature end of file.
2025-11-10 18:07:39,020 [ERROR] LogOutputStream:75 - [STDERR_REDIRECT] 
2025-11-10 18:07:40,026 [ERROR] LogOutputStream:75 - [STDERR_REDIRECT] [Fatal Error] :1:1: Premature end of file.
2025-11-10 18:07:40,026 [ERROR] LogOutputStream:75 - [STDERR_REDIRECT] 
2025-11-10 18:07:41,020 [ERROR] LogOutputStream:75 - [STDERR_REDIRECT] [Fatal Error] :1:1: Premature end of file.
2025-11-10 18:07:41,020 [ERROR] LogOutputStream:75 - [STDERR_REDIRECT] 
2025-11-10 18:07:42,020 [ERROR] LogOutputStream:75 - [STDERR_REDIRECT] [Fatal Error] :1:1: Premature end of file.
2025-11-10 18:07:42,021 [ERROR] LogOutputStream:75 - [STDERR_REDIRECT] 
2025-11-10 18:07:43,019 [ERROR] LogOutputStream:75 - [STDERR_REDIRECT] [Fatal Error] :1:1: Premature end of file.
2025-11-10 18:07:43,019 [ERROR] LogOutputStream:75 - [STDERR_REDIRECT] 
2025-11-10 18:07:44,019 [ERROR] LogOutputStream:75 - [STDERR_REDIRECT] [Fatal Error] :1:1: Premature end of file.
2025-11-10 18:07:44,019 [ERROR] LogOutputStream:75 - [STDERR_REDIRECT] 
2025-11-10 18:07:45,020 [ERROR] LogOutputStream:75 - [STDERR_REDIRECT] [Fatal Error] :1:1: Premature end of file.
2025-11-10 18:07:45,020 [ERROR] LogOutputStream:75 - [STDERR_REDIRECT] 
2025-11-10 18:07:46,020 [ERROR] LogOutputStream:75 - [STDERR_REDIRECT] [Fatal Error] :1:1: Premature end of file.
2025-11-10 18:07:46,021 [ERROR] LogOutputStream:75 - [STDERR_REDIRECT] 
2025-11-10 18:07:47,019 [ERROR] LogOutputStream:75 - [STDERR_REDIRECT] [Fatal Error] :1:1: Premature end of file.
2025-11-10 18:07:47,019 [ERROR] LogOutputStream:75 - [STDERR_REDIRECT] 
2025-11-10 18:07:48,021 [ERROR] LogOutputStream:75 - [STDERR_REDIRECT] [Fatal Error] :1:1: Premature end of file.
2025-11-10 18:07:48,021 [ERROR] LogOutputStream:75 - [STDERR_REDIRECT] 
2025-11-10 18:07:49,020 [ERROR] LogOutputStream:75 - [STDERR_REDIRECT] [Fatal Error] :1:1: Premature end of file.
2025-11-10 18:07:49,020 [ERROR] LogOutputStream:75 - [STDERR_REDIRECT] 
2025-11-10 18:07:50,019 [ERROR] LogOutputStream:75 - [STDERR_REDIRECT] [Fatal Error] :1:1: Premature end of file.
2025-11-10 18:07:50,019 [ERROR] LogOutputStream:75 - [STDERR_REDIRECT] 
2025-11-10 18:07:51,019 [ERROR] LogOutputStream:75 - [STDERR_REDIRECT] [Fatal Error] :1:1: Premature end of file.
2025-11-10 18:07:51,019 [ERROR] LogOutputStream:75 - [STDERR_REDIRECT] 
2025-11-10 18:07:52,020 [ERROR] LogOutputStream:75 - [STDERR_REDIRECT] [Fatal Error] :1:1: Premature end of file.
2025-11-10 18:07:52,020 [ERROR] LogOutputStream:75 - [STDERR_REDIRECT] 
2025-11-10 18:07:53,019 [ERROR] LogOutputStream:75 - [STDERR_REDIRECT] [Fatal Error] :1:1: Premature end of file.
2025-11-10 18:07:53,019 [ERROR] LogOutputStream:75 - [STDERR_REDIRECT] 
2025-11-10 18:07:54,019 [ERROR] LogOutputStream:75 - [STDERR_REDIRECT] [Fatal Error] :1:1: Premature end of file.
2025-11-10 18:07:54,019 [ERROR] LogOutputStream:75 - [STDERR_REDIRECT] 
2025-11-10 18:07:55,020 [ERROR] LogOutputStream:75 - [STDERR_REDIRECT] [Fatal Error] :1:1: Premature end of file.
2025-11-10 18:07:55,020 [ERROR] LogOutputStream:75 - [STDERR_REDIRECT] 
2025-11-10 18:07:56,019 [ERROR] LogOutputStream:75 - [STDERR_REDIRECT] [Fatal Error] :1:1: Premature end of file.
2025-11-10 18:07:56,019 [ERROR] LogOutputStream:75 - [STDERR_REDIRECT] 
2025-11-10 18:07:57,020 [ERROR] LogOutputStream:75 - [STDERR_REDIRECT] [Fatal Error] :1:1: Premature end of file.
2025-11-10 18:07:57,020 [ERROR] LogOutputStream:75 - [STDERR_REDIRECT] 
2025-11-10 18:07:58,019 [ERROR] LogOutputStream:75 - [STDERR_REDIRECT] [Fatal Error] :1:1: Premature end of file.
2025-11-10 18:07:58,019 [ERROR] LogOutputStream:75 - [STDERR_REDIRECT] 
2025-11-10 18:07:59,020 [ERROR] LogOutputStream:75 - [STDERR_REDIRECT] [Fatal Error] :1:1: Premature end of file.
2025-11-10 18:07:59,020 [ERROR] LogOutputStream:75 - [STDERR_REDIRECT] 
2025-11-10 18:08:00,020 [ERROR] LogOutputStream:75 - [STDERR_REDIRECT] [Fatal Error] :1:1: Premature end of file.
2025-11-10 18:08:00,020 [ERROR] LogOutputStream:75 - [STDERR_REDIRECT] 
2025-11-10 18:08:01,019 [ERROR] LogOutputStream:75 - [STDERR_REDIRECT] [Fatal Error] :1:1: Premature end of file.
2025-11-10 18:08:01,019 [ERROR] LogOutputStream:75 - [STDERR_REDIRECT] 
2025-11-10 18:08:02,019 [ERROR] LogOutputStream:75 - [STDERR_REDIRECT] [Fatal Error] :1:1: Premature end of file.
2025-11-10 18:08:02,020 [ERROR] LogOutputStream:75 - [STDERR_REDIRECT] 
2025-11-10 18:08:03,019 [ERROR] LogOutputStream:75 - [STDERR_REDIRECT] [Fatal Error] :1:1: Premature end of file.
2025-11-10 18:08:03,019 [ERROR] LogOutputStream:75 - [STDERR_REDIRECT] 
2025-11-10 18:08:04,020 [ERROR] LogOutputStream:75 - [STDERR_REDIRECT] [Fatal Error] :1:1: Premature end of file.
2025-11-10 18:08:04,020 [ERROR] LogOutputStream:75 - [STDERR_REDIRECT] 
2025-11-10 18:08:05,021 [ERROR] LogOutputStream:75 - [STDERR_REDIRECT] [Fatal Error] :1:1: Premature end of file.
2025-11-10 18:08:05,021 [ERROR] LogOutputStream:75 - [STDERR_REDIRECT] 
2025-11-10 18:08:06,020 [ERROR] LogOutputStream:75 - [STDERR_REDIRECT] [Fatal Error] :1:1: Premature end of file.
2025-11-10 18:08:06,020 [ERROR] LogOutputStream:75 - [STDERR_REDIRECT] 
2025-11-10 18:08:07,019 [ERROR] LogOutputStream:75 - [STDERR_REDIRECT] [Fatal Error] :1:1: Premature end of file.
2025-11-10 18:08:07,019 [ERROR] LogOutputStream:75 - [STDERR_REDIRECT] 
2025-11-10 18:08:08,021 [ERROR] LogOutputStream:75 - [STDERR_REDIRECT] [Fatal Error] :1:1: Premature end of file.
2025-11-10 18:08:08,021 [ERROR] LogOutputStream:75 - [STDERR_REDIRECT] 
2025-11-10 18:08:09,021 [ERROR] LogOutputStream:75 - [STDERR_REDIRECT] [Fatal Error] :1:1: Premature end of file.
2025-11-10 18:08:09,021 [ERROR] LogOutputStream:75 - [STDERR_REDIRECT] 
2025-11-10 18:08:10,022 [ERROR] LogOutputStream:75 - [STDERR_REDIRECT] [Fatal Error] :1:1: Premature end of file.
2025-11-10 18:08:10,022 [ERROR] LogOutputStream:75 - [STDERR_REDIRECT] 
2025-11-10 18:08:11,020 [ERROR] LogOutputStream:75 - [STDERR_REDIRECT] [Fatal Error] :1:1: Premature end of file.
2025-11-10 18:08:11,021 [ERROR] LogOutputStream:75 - [STDERR_REDIRECT] 
2025-11-10 18:08:12,020 [ERROR] LogOutputStream:75 - [STDERR_REDIRECT] [Fatal Error] :1:1: Premature end of file.
2025-11-10 18:08:12,020 [ERROR] LogOutputStream:75 - [STDERR_REDIRECT] 
2025-11-10 18:08:13,019 [ERROR] LogOutputStream:75 - [STDERR_REDIRECT] [Fatal Error] :1:1: Premature end of file.
2025-11-10 18:08:13,019 [ERROR] LogOutputStream:75 - [STDERR_REDIRECT] 
2025-11-10 18:08:14,020 [ERROR] LogOutputStream:75 - [STDERR_REDIRECT] [Fatal Error] :1:1: Premature end of file.
2025-11-10 18:08:14,020 [ERROR] LogOutputStream:75 - [STDERR_REDIRECT] 
2025-11-10 18:08:15,019 [ERROR] LogOutputStream:75 - [STDERR_REDIRECT] [Fatal Error] :1:1: Premature end of file.
2025-11-10 18:08:15,019 [ERROR] LogOutputStream:75 - [STDERR_REDIRECT] 
2025-11-10 18:08:16,019 [ERROR] LogOutputStream:75 - [STDERR_REDIRECT] [Fatal Error] :1:1: Premature end of file.
2025-11-10 18:08:16,019 [ERROR] LogOutputStream:75 - [STDERR_REDIRECT] 
2025-11-10 18:08:17,018 [ERROR] LogOutputStream:75 - [STDERR_REDIRECT] [Fatal Error] :1:1: Premature end of file.
2025-11-10 18:08:17,019 [ERROR] LogOutputStream:75 - [STDERR_REDIRECT] 
2025-11-10 18:08:18,019 [ERROR] LogOutputStream:75 - [STDERR_REDIRECT] [Fatal Error] :1:1: Premature end of file.
2025-11-10 18:08:18,019 [ERROR] LogOutputStream:75 - [STDERR_REDIRECT] 
2025-11-10 18:08:19,019 [ERROR] LogOutputStream:75 - [STDERR_REDIRECT] [Fatal Error] :1:1: Premature end of file.
2025-11-10 18:08:19,019 [ERROR] LogOutputStream:75 - [STDERR_REDIRECT] 
2025-11-10 18:08:20,021 [ERROR] LogOutputStream:75 - [STDERR_REDIRECT] [Fatal Error] :1:1: Premature end of file.
2025-11-10 18:08:20,021 [ERROR] LogOutputStream:75 - [STDERR_REDIRECT] 
2025-11-10 18:08:21,020 [ERROR] LogOutputStream:75 - [STDERR_REDIRECT] [Fatal Error] :1:1: Premature end of file.
2025-11-10 18:08:21,020 [ERROR] LogOutputStream:75 - [STDERR_REDIRECT] 
2025-11-10 18:08:22,020 [ERROR] LogOutputStream:75 - [STDERR_REDIRECT] [Fatal Error] :1:1: Premature end of file.
2025-11-10 18:08:22,020 [ERROR] LogOutputStream:75 - [STDERR_REDIRECT] 
2025-11-10 18:08:23,020 [ERROR] LogOutputStream:75 - [STDERR_REDIRECT] [Fatal Error] :1:1: Premature end of file.
2025-11-10 18:08:23,020 [ERROR] LogOutputStream:75 - [STDERR_REDIRECT] 
2025-11-10 18:08:24,063 [ERROR] LogOutputStream:75 - [STDERR_REDIRECT] [Fatal Error] :1:1: Premature end of file.
2025-11-10 18:08:24,064 [ERROR] LogOutputStream:75 - [STDERR_REDIRECT] 
2025-11-10 18:08:24,215 [ERROR] LogOutputStream:75 - [STDERR_REDIRECT] 
2025-11-10 18:08:24,216 [ERROR] LogOutputStream:75 - [STDERR_REDIRECT] 
